21:52:31.961 [restartedMain] INFO  c.w.sff.StreetFoodFinderApplication - Starting StreetFoodFinderApplication on DESKTOP-CQVQS73 with PID 16916 (C:\Users\dntnr\Desktop\Projects\eclipse_workspace\StreetFoodFinder\target\classes started by dntnr in C:\Users\dntnr\Desktop\Projects\eclipse_workspace\StreetFoodFinder)
21:52:31.966 [restartedMain] DEBUG c.w.sff.StreetFoodFinderApplication - Running with Spring Boot v2.0.3.RELEASE, Spring v5.0.7.RELEASE
21:52:31.968 [restartedMain] INFO  c.w.sff.StreetFoodFinderApplication - No active profile set, falling back to default profiles: default
21:52:32.010 [restartedMain] INFO  o.s.b.w.s.c.AnnotationConfigServletWebServerApplicationContext - Refreshing org.springframework.boot.web.servlet.context.AnnotationConfigServletWebServerApplicationContext@4edad289: startup date [Thu Jan 31 21:52:32 KST 2019]; root of context hierarchy
21:52:33.473 [restartedMain] INFO  c.u.j.c.EnableEncryptablePropertiesBeanFactoryPostProcessor - Post-processing PropertySource instances
21:52:33.524 [restartedMain] INFO  c.u.j.EncryptablePropertySourceConverter - Converting PropertySource configurationProperties [org.springframework.boot.context.properties.source.ConfigurationPropertySourcesPropertySource] to AOP Proxy
21:52:33.525 [restartedMain] INFO  c.u.j.EncryptablePropertySourceConverter - Converting PropertySource servletConfigInitParams [org.springframework.core.env.PropertySource$StubPropertySource] to EncryptablePropertySourceWrapper
21:52:33.525 [restartedMain] INFO  c.u.j.EncryptablePropertySourceConverter - Converting PropertySource servletContextInitParams [org.springframework.core.env.PropertySource$StubPropertySource] to EncryptablePropertySourceWrapper
21:52:33.526 [restartedMain] INFO  c.u.j.EncryptablePropertySourceConverter - Converting PropertySource systemProperties [org.springframework.core.env.MapPropertySource] to EncryptableMapPropertySourceWrapper
21:52:33.526 [restartedMain] INFO  c.u.j.EncryptablePropertySourceConverter - Converting PropertySource systemEnvironment [org.springframework.boot.env.SystemEnvironmentPropertySourceEnvironmentPostProcessor$OriginAwareSystemEnvironmentPropertySource] to EncryptableMapPropertySourceWrapper
21:52:33.526 [restartedMain] INFO  c.u.j.EncryptablePropertySourceConverter - Converting PropertySource random [org.springframework.boot.env.RandomValuePropertySource] to EncryptablePropertySourceWrapper
21:52:33.526 [restartedMain] INFO  c.u.j.EncryptablePropertySourceConverter - Converting PropertySource applicationConfig: [classpath:/application.properties] [org.springframework.boot.env.OriginTrackedMapPropertySource] to EncryptableMapPropertySourceWrapper
21:52:33.526 [restartedMain] INFO  c.u.j.EncryptablePropertySourceConverter - Converting PropertySource refresh [org.springframework.core.env.MapPropertySource] to EncryptableMapPropertySourceWrapper
21:52:33.646 [restartedMain] INFO  o.s.c.s.PostProcessorRegistrationDelegate$BeanPostProcessorChecker - Bean 'org.springframework.transaction.annotation.ProxyTransactionManagementConfiguration' of type [org.springframework.transaction.annotation.ProxyTransactionManagementConfiguration$$EnhancerBySpringCGLIB$$6daaaba0] is not eligible for getting processed by all BeanPostProcessors (for example: not eligible for auto-proxying)
21:52:33.825 [restartedMain] INFO  c.u.j.r.DefaultLazyPropertyResolver - Property Resolver custom Bean not found with name 'encryptablePropertyResolver'. Initializing Default Property Resolver
21:52:33.827 [restartedMain] INFO  c.u.j.d.DefaultLazyPropertyDetector - Property Detector custom Bean not found with name 'encryptablePropertyDetector'. Initializing Default Property Detector
21:52:34.143 [restartedMain] INFO  o.s.b.w.e.tomcat.TomcatWebServer - Tomcat initialized with port(s): 7701 (http)
21:52:34.157 [restartedMain] INFO  o.a.coyote.http11.Http11NioProtocol - Initializing ProtocolHandler ["http-nio-7701"]
21:52:34.165 [restartedMain] INFO  o.a.catalina.core.StandardService - Starting service [Tomcat]
21:52:34.165 [restartedMain] INFO  o.a.catalina.core.StandardEngine - Starting Servlet Engine: Apache Tomcat/8.5.31
21:52:34.170 [localhost-startStop-1] INFO  o.a.c.core.AprLifecycleListener - The APR based Apache Tomcat Native library which allows optimal performance in production environments was not found on the java.library.path: [C:\Program Files\Java\jre1.8.0_181\bin;C:\WINDOWS\Sun\Java\bin;C:\WINDOWS\system32;C:\WINDOWS;C:/Program Files/Java/jre1.8.0_181/bin/server;C:/Program Files/Java/jre1.8.0_181/bin;C:/Program Files/Java/jre1.8.0_181/lib/amd64;C:\Program Files (x86)\Common Files\Oracle\Java\javapath;C:\ProgramData\Oracle\Java\javapath;C:\WINDOWS\system32;C:\WINDOWS;C:\WINDOWS\System32\Wbem;C:\WINDOWS\System32\WindowsPowerShell\v1.0\;C:\Program Files (x86)\GtkSharp\2.12\bin;C:\Program Files\Java\jdk1.8.0_181\bin;C:\Git\cmd;C:\nodejs\;C:\Users\dntnr\AppData\Local\Android\Sdkplatform-tools;C:\Users\dntnr\AppData\Local\Android\Sdktools;C:\WINDOWS\System32\OpenSSH\;C:\Users\dntnr\Desktop\apache-maven-3.5.4\bin;D:\Program Files\PuTTY\;C:\Users\dntnr\AppData\Local\Microsoft\WindowsApps;D:\Program Files\;C:\Users\dntnr\AppData\Roaming\npm;C:\Users\dntnr\AppData\Local\GitHubDesktop\bin;C:\Users\dntnr\Desktop;;.]
21:52:34.309 [localhost-startStop-1] INFO  o.a.c.c.C.[Tomcat].[localhost].[/] - Initializing Spring embedded WebApplicationContext
21:52:34.310 [localhost-startStop-1] INFO  o.s.web.context.ContextLoader - Root WebApplicationContext: initialization completed in 2300 ms
21:52:34.488 [localhost-startStop-1] INFO  o.s.b.w.s.ServletRegistrationBean - Servlet dispatcherServlet mapped to [/]
21:52:34.489 [localhost-startStop-1] INFO  o.s.b.w.s.ServletRegistrationBean - Servlet webServlet mapped to [/h2-console/*]
21:52:34.492 [localhost-startStop-1] INFO  o.s.b.w.s.FilterRegistrationBean - Mapping filter: 'characterEncodingFilter' to: [/*]
21:52:34.492 [localhost-startStop-1] INFO  o.s.b.w.s.FilterRegistrationBean - Mapping filter: 'hiddenHttpMethodFilter' to: [/*]
21:52:34.492 [localhost-startStop-1] INFO  o.s.b.w.s.FilterRegistrationBean - Mapping filter: 'httpPutFormContentFilter' to: [/*]
21:52:34.492 [localhost-startStop-1] INFO  o.s.b.w.s.FilterRegistrationBean - Mapping filter: 'requestContextFilter' to: [/*]
21:52:34.651 [restartedMain] INFO  com.zaxxer.hikari.HikariDataSource - HikariPool-1 - Starting...
21:52:34.826 [restartedMain] INFO  com.zaxxer.hikari.HikariDataSource - HikariPool-1 - Start completed.
21:52:34.837 [restartedMain] INFO  o.s.jdbc.datasource.init.ScriptUtils - Executing SQL script from URL [file:/C:/Users/dntnr/Desktop/Projects/eclipse_workspace/StreetFoodFinder/target/classes/schema.sql]
21:52:34.852 [restartedMain] INFO  o.s.jdbc.datasource.init.ScriptUtils - Executed SQL script from URL [file:/C:/Users/dntnr/Desktop/Projects/eclipse_workspace/StreetFoodFinder/target/classes/schema.sql] in 15 ms.
21:52:34.859 [restartedMain] INFO  o.s.jdbc.datasource.init.ScriptUtils - Executing SQL script from URL [file:/C:/Users/dntnr/Desktop/Projects/eclipse_workspace/StreetFoodFinder/target/classes/data.sql]
21:52:34.904 [restartedMain] INFO  o.s.jdbc.datasource.init.ScriptUtils - Executed SQL script from URL [file:/C:/Users/dntnr/Desktop/Projects/eclipse_workspace/StreetFoodFinder/target/classes/data.sql] in 45 ms.
21:52:35.062 [restartedMain] WARN  o.s.b.w.s.c.AnnotationConfigServletWebServerApplicationContext - Exception encountered during context initialization - cancelling refresh attempt: org.springframework.beans.factory.UnsatisfiedDependencyException: Error creating bean with name 'storeManagementController': Unsatisfied dependency expressed through field 'storeManagementService'; nested exception is org.springframework.beans.factory.UnsatisfiedDependencyException: Error creating bean with name 'storeManagementServiceImpl': Unsatisfied dependency expressed through field 'fileStorageServiceImpl'; nested exception is org.springframework.beans.factory.UnsatisfiedDependencyException: Error creating bean with name 'fileStorageServiceImpl' defined in file [C:\Users\dntnr\Desktop\Projects\eclipse_workspace\StreetFoodFinder\target\classes\com\wowls\sff\service\FileStorageServiceImpl.class]: Unsatisfied dependency expressed through constructor parameter 0; nested exception is org.springframework.boot.context.properties.ConfigurationPropertiesBindException: Error creating bean with name 'file-com.wowls.sff.FileStorageConfig': Could not bind properties to 'FileStorageConfig' : prefix=file, ignoreInvalidFields=false, ignoreUnknownFields=true; nested exception is org.springframework.boot.context.properties.bind.BindException: Failed to bind properties under 'file' to com.wowls.sff.FileStorageConfig
21:52:35.063 [restartedMain] INFO  com.zaxxer.hikari.HikariDataSource - HikariPool-1 - Shutdown initiated...
21:52:35.064 [restartedMain] INFO  com.zaxxer.hikari.HikariDataSource - HikariPool-1 - Shutdown completed.
21:52:35.067 [restartedMain] INFO  o.a.catalina.core.StandardService - Stopping service [Tomcat]
21:52:35.078 [restartedMain] INFO  o.s.b.a.l.ConditionEvaluationReportLoggingListener - 

Error starting ApplicationContext. To display the conditions report re-run your application with 'debug' enabled.
21:52:35.081 [restartedMain] ERROR o.s.b.d.LoggingFailureAnalysisReporter - 

***************************
APPLICATION FAILED TO START
***************************

Description:

Failed to bind properties under 'file' to com.wowls.sff.FileStorageConfig:

    Property: file.upload-dir
    Value: ./uploads
    Origin: "file.upload-dir" from property source "applicationConfig: [classpath:/application.properties]"
    Reason: No setter found for property: upload-dir

Action:

Update your application's configuration

21:57:53.407 [restartedMain] INFO  c.w.sff.StreetFoodFinderApplication - Starting StreetFoodFinderApplication on DESKTOP-CQVQS73 with PID 5548 (C:\Users\dntnr\Desktop\Projects\eclipse_workspace\StreetFoodFinder\target\classes started by dntnr in C:\Users\dntnr\Desktop\Projects\eclipse_workspace\StreetFoodFinder)
21:57:53.409 [restartedMain] DEBUG c.w.sff.StreetFoodFinderApplication - Running with Spring Boot v2.0.3.RELEASE, Spring v5.0.7.RELEASE
21:57:53.411 [restartedMain] INFO  c.w.sff.StreetFoodFinderApplication - No active profile set, falling back to default profiles: default
21:57:53.458 [restartedMain] INFO  o.s.b.w.s.c.AnnotationConfigServletWebServerApplicationContext - Refreshing org.springframework.boot.web.servlet.context.AnnotationConfigServletWebServerApplicationContext@21fddcaf: startup date [Thu Jan 31 21:57:53 KST 2019]; root of context hierarchy
21:57:54.979 [restartedMain] INFO  c.u.j.c.EnableEncryptablePropertiesBeanFactoryPostProcessor - Post-processing PropertySource instances
21:57:55.024 [restartedMain] INFO  c.u.j.EncryptablePropertySourceConverter - Converting PropertySource configurationProperties [org.springframework.boot.context.properties.source.ConfigurationPropertySourcesPropertySource] to AOP Proxy
21:57:55.025 [restartedMain] INFO  c.u.j.EncryptablePropertySourceConverter - Converting PropertySource servletConfigInitParams [org.springframework.core.env.PropertySource$StubPropertySource] to EncryptablePropertySourceWrapper
21:57:55.025 [restartedMain] INFO  c.u.j.EncryptablePropertySourceConverter - Converting PropertySource servletContextInitParams [org.springframework.core.env.PropertySource$StubPropertySource] to EncryptablePropertySourceWrapper
21:57:55.025 [restartedMain] INFO  c.u.j.EncryptablePropertySourceConverter - Converting PropertySource systemProperties [org.springframework.core.env.MapPropertySource] to EncryptableMapPropertySourceWrapper
21:57:55.025 [restartedMain] INFO  c.u.j.EncryptablePropertySourceConverter - Converting PropertySource systemEnvironment [org.springframework.boot.env.SystemEnvironmentPropertySourceEnvironmentPostProcessor$OriginAwareSystemEnvironmentPropertySource] to EncryptableMapPropertySourceWrapper
21:57:55.025 [restartedMain] INFO  c.u.j.EncryptablePropertySourceConverter - Converting PropertySource random [org.springframework.boot.env.RandomValuePropertySource] to EncryptablePropertySourceWrapper
21:57:55.025 [restartedMain] INFO  c.u.j.EncryptablePropertySourceConverter - Converting PropertySource applicationConfig: [classpath:/application.properties] [org.springframework.boot.env.OriginTrackedMapPropertySource] to EncryptableMapPropertySourceWrapper
21:57:55.026 [restartedMain] INFO  c.u.j.EncryptablePropertySourceConverter - Converting PropertySource refresh [org.springframework.core.env.MapPropertySource] to EncryptableMapPropertySourceWrapper
21:57:55.144 [restartedMain] INFO  o.s.c.s.PostProcessorRegistrationDelegate$BeanPostProcessorChecker - Bean 'org.springframework.transaction.annotation.ProxyTransactionManagementConfiguration' of type [org.springframework.transaction.annotation.ProxyTransactionManagementConfiguration$$EnhancerBySpringCGLIB$$d1fd77c5] is not eligible for getting processed by all BeanPostProcessors (for example: not eligible for auto-proxying)
21:57:55.311 [restartedMain] INFO  c.u.j.r.DefaultLazyPropertyResolver - Property Resolver custom Bean not found with name 'encryptablePropertyResolver'. Initializing Default Property Resolver
21:57:55.312 [restartedMain] INFO  c.u.j.d.DefaultLazyPropertyDetector - Property Detector custom Bean not found with name 'encryptablePropertyDetector'. Initializing Default Property Detector
21:57:55.798 [restartedMain] INFO  o.s.b.w.e.tomcat.TomcatWebServer - Tomcat initialized with port(s): 7701 (http)
21:57:55.813 [restartedMain] INFO  o.a.coyote.http11.Http11NioProtocol - Initializing ProtocolHandler ["http-nio-7701"]
21:57:55.821 [restartedMain] INFO  o.a.catalina.core.StandardService - Starting service [Tomcat]
21:57:55.821 [restartedMain] INFO  o.a.catalina.core.StandardEngine - Starting Servlet Engine: Apache Tomcat/8.5.31
21:57:55.825 [localhost-startStop-1] INFO  o.a.c.core.AprLifecycleListener - The APR based Apache Tomcat Native library which allows optimal performance in production environments was not found on the java.library.path: [C:\Program Files\Java\jre1.8.0_181\bin;C:\WINDOWS\Sun\Java\bin;C:\WINDOWS\system32;C:\WINDOWS;C:/Program Files/Java/jre1.8.0_181/bin/server;C:/Program Files/Java/jre1.8.0_181/bin;C:/Program Files/Java/jre1.8.0_181/lib/amd64;C:\Program Files (x86)\Common Files\Oracle\Java\javapath;C:\ProgramData\Oracle\Java\javapath;C:\WINDOWS\system32;C:\WINDOWS;C:\WINDOWS\System32\Wbem;C:\WINDOWS\System32\WindowsPowerShell\v1.0\;C:\Program Files (x86)\GtkSharp\2.12\bin;C:\Program Files\Java\jdk1.8.0_181\bin;C:\Git\cmd;C:\nodejs\;C:\Users\dntnr\AppData\Local\Android\Sdkplatform-tools;C:\Users\dntnr\AppData\Local\Android\Sdktools;C:\WINDOWS\System32\OpenSSH\;C:\Users\dntnr\Desktop\apache-maven-3.5.4\bin;D:\Program Files\PuTTY\;C:\Users\dntnr\AppData\Local\Microsoft\WindowsApps;D:\Program Files\;C:\Users\dntnr\AppData\Roaming\npm;C:\Users\dntnr\AppData\Local\GitHubDesktop\bin;C:\Users\dntnr\Desktop;;.]
21:57:55.956 [localhost-startStop-1] INFO  o.a.c.c.C.[Tomcat].[localhost].[/] - Initializing Spring embedded WebApplicationContext
21:57:55.956 [localhost-startStop-1] INFO  o.s.web.context.ContextLoader - Root WebApplicationContext: initialization completed in 2498 ms
21:57:56.129 [localhost-startStop-1] INFO  o.s.b.w.s.ServletRegistrationBean - Servlet dispatcherServlet mapped to [/]
21:57:56.130 [localhost-startStop-1] INFO  o.s.b.w.s.ServletRegistrationBean - Servlet webServlet mapped to [/h2-console/*]
21:57:56.133 [localhost-startStop-1] INFO  o.s.b.w.s.FilterRegistrationBean - Mapping filter: 'characterEncodingFilter' to: [/*]
21:57:56.134 [localhost-startStop-1] INFO  o.s.b.w.s.FilterRegistrationBean - Mapping filter: 'hiddenHttpMethodFilter' to: [/*]
21:57:56.134 [localhost-startStop-1] INFO  o.s.b.w.s.FilterRegistrationBean - Mapping filter: 'httpPutFormContentFilter' to: [/*]
21:57:56.134 [localhost-startStop-1] INFO  o.s.b.w.s.FilterRegistrationBean - Mapping filter: 'requestContextFilter' to: [/*]
21:57:56.310 [restartedMain] INFO  com.zaxxer.hikari.HikariDataSource - HikariPool-1 - Starting...
21:57:56.482 [restartedMain] INFO  com.zaxxer.hikari.HikariDataSource - HikariPool-1 - Start completed.
21:57:56.491 [restartedMain] INFO  o.s.jdbc.datasource.init.ScriptUtils - Executing SQL script from URL [file:/C:/Users/dntnr/Desktop/Projects/eclipse_workspace/StreetFoodFinder/target/classes/schema.sql]
21:57:56.505 [restartedMain] INFO  o.s.jdbc.datasource.init.ScriptUtils - Executed SQL script from URL [file:/C:/Users/dntnr/Desktop/Projects/eclipse_workspace/StreetFoodFinder/target/classes/schema.sql] in 13 ms.
21:57:56.512 [restartedMain] INFO  o.s.jdbc.datasource.init.ScriptUtils - Executing SQL script from URL [file:/C:/Users/dntnr/Desktop/Projects/eclipse_workspace/StreetFoodFinder/target/classes/data.sql]
21:57:56.563 [restartedMain] INFO  o.s.jdbc.datasource.init.ScriptUtils - Executed SQL script from URL [file:/C:/Users/dntnr/Desktop/Projects/eclipse_workspace/StreetFoodFinder/target/classes/data.sql] in 51 ms.
21:57:56.740 [restartedMain] INFO  com.wowls.sff.LogAspect - before nomalize: C:\Users\dntnr\Desktop\Projects\eclipse_workspace\StreetFoodFinder\.\uploads
21:57:56.740 [restartedMain] INFO  com.wowls.sff.LogAspect - after nomalize: C:\Users\dntnr\Desktop\Projects\eclipse_workspace\StreetFoodFinder\uploads
21:57:57.131 [restartedMain] INFO  o.s.w.s.m.m.a.RequestMappingHandlerMapping - Mapped "{[/boards*],methods=[POST]}" onto public org.springframework.http.ResponseEntity<java.lang.Void> com.wowls.sff.controller.BoardController.savePost(java.util.Map<java.lang.String, java.lang.String>)
21:57:57.132 [restartedMain] INFO  o.s.w.s.m.m.a.RequestMappingHandlerMapping - Mapped "{[/favorite*/{storeId}],methods=[POST]}" onto public org.springframework.http.ResponseEntity<java.lang.Void> com.wowls.sff.controller.FavoriteController.saveFavoriteStore(java.lang.String)
21:57:57.135 [restartedMain] INFO  o.s.w.s.m.m.a.RequestMappingHandlerMapping - Mapped "{[/stores*/{storeId}],methods=[GET]}" onto public org.springframework.http.ResponseEntity<java.util.Map<java.lang.String, java.lang.Object>> com.wowls.sff.controller.FoodMapController.showStoreInfo(java.lang.String)
21:57:57.135 [restartedMain] INFO  o.s.w.s.m.m.a.RequestMappingHandlerMapping - Mapped "{[/stores*/search],methods=[GET]}" onto public org.springframework.http.ResponseEntity<java.util.List<java.util.Map<java.lang.String, java.lang.Object>>> com.wowls.sff.controller.FoodMapController.showStoreList(java.lang.String,java.lang.String,java.lang.String,java.lang.String)
21:57:57.138 [restartedMain] INFO  o.s.w.s.m.m.a.RequestMappingHandlerMapping - Mapped "{[/reviews*/writers/{writerId}/stores/{storeId}],methods=[DELETE]}" onto public org.springframework.http.ResponseEntity<java.lang.Void> com.wowls.sff.controller.ReviewController.removeReview(java.lang.String,java.lang.String)
21:57:57.138 [restartedMain] INFO  o.s.w.s.m.m.a.RequestMappingHandlerMapping - Mapped "{[/reviews*/writers/{writerId}/stores],methods=[POST]}" onto public org.springframework.http.ResponseEntity<java.lang.Void> com.wowls.sff.controller.ReviewController.saveReview(java.lang.String,java.util.Map<java.lang.String, java.lang.String>)
21:57:57.139 [restartedMain] INFO  o.s.w.s.m.m.a.RequestMappingHandlerMapping - Mapped "{[/reviews*/writers/{writerId}/stores/{storeId}],methods=[PUT]}" onto public org.springframework.http.ResponseEntity<java.lang.Void> com.wowls.sff.controller.ReviewController.modifyReview(java.lang.String,java.lang.String,java.util.Map<java.lang.String, java.lang.String>)
21:57:57.139 [restartedMain] INFO  o.s.w.s.m.m.a.RequestMappingHandlerMapping - Mapped "{[/reviews*/writers/{writerId}],methods=[GET]}" onto public org.springframework.http.ResponseEntity<java.util.List<java.util.Map<java.lang.String, java.lang.Object>>> com.wowls.sff.controller.ReviewController.showReviewListByWriter(java.lang.String)
21:57:57.139 [restartedMain] INFO  o.s.w.s.m.m.a.RequestMappingHandlerMapping - Mapped "{[/reviews*/stores/{storeId}],methods=[GET]}" onto public org.springframework.http.ResponseEntity<java.util.List<java.util.Map<java.lang.String, java.lang.Object>>> com.wowls.sff.controller.ReviewController.showReviewListByStore(java.lang.String)
21:57:57.141 [restartedMain] INFO  o.s.w.s.m.m.a.RequestMappingHandlerMapping - Mapped "{[/store-management*/owners/{ownerId}/stores*],methods=[POST]}" onto public org.springframework.http.ResponseEntity<java.util.List<java.util.Map<java.lang.String, java.lang.Object>>> com.wowls.sff.controller.StoreManagementController.saveStoreInfo(java.lang.String,java.util.Map<java.lang.String, java.lang.Object>)
21:57:57.141 [restartedMain] INFO  o.s.w.s.m.m.a.RequestMappingHandlerMapping - Mapped "{[/store-management*/owners/{ownerId}/stores/{storeId}/menus/{menuName}],methods=[DELETE]}" onto public org.springframework.http.ResponseEntity<java.lang.Void> com.wowls.sff.controller.StoreManagementController.removeMenuInfo(java.lang.String,java.lang.String,java.lang.String)
21:57:57.141 [restartedMain] INFO  o.s.w.s.m.m.a.RequestMappingHandlerMapping - Mapped "{[/store-management*/owners/{ownerId}/stores*],methods=[GET]}" onto public org.springframework.http.ResponseEntity<java.util.List<java.util.Map<java.lang.String, java.lang.Object>>> com.wowls.sff.controller.StoreManagementController.showStoreList(java.lang.String)
21:57:57.142 [restartedMain] INFO  o.s.w.s.m.m.a.RequestMappingHandlerMapping - Mapped "{[/store-management*/owners/{ownerId}/stores/{storeId}/menus*],methods=[POST]}" onto public org.springframework.http.ResponseEntity<java.util.List<java.util.Map<java.lang.String, java.lang.Object>>> com.wowls.sff.controller.StoreManagementController.saveMenuInfo(java.lang.String,java.lang.String,java.util.Map<java.lang.String, java.lang.String>)
21:57:57.142 [restartedMain] INFO  o.s.w.s.m.m.a.RequestMappingHandlerMapping - Mapped "{[/store-management*/owners/{ownerId}/stores/{storeId}],methods=[PUT]}" onto public org.springframework.http.ResponseEntity<java.lang.Void> com.wowls.sff.controller.StoreManagementController.modifyStoreInfo(java.lang.String,java.lang.String,java.util.Map<java.lang.String, java.lang.String>)
21:57:57.142 [restartedMain] INFO  o.s.w.s.m.m.a.RequestMappingHandlerMapping - Mapped "{[/store-management*/owners/{ownerId}/stores/{storeId}/menus*],methods=[GET]}" onto public org.springframework.http.ResponseEntity<java.util.List<java.util.Map<java.lang.String, java.lang.Object>>> com.wowls.sff.controller.StoreManagementController.showOwnMenuList(java.lang.String,java.lang.String)
21:57:57.143 [restartedMain] INFO  o.s.w.s.m.m.a.RequestMappingHandlerMapping - Mapped "{[/store-management*/owners/{ownerId}/stores/{storeId}/menus/{menuName}],methods=[PUT]}" onto public org.springframework.http.ResponseEntity<java.lang.Void> com.wowls.sff.controller.StoreManagementController.modifyMenuInfo(java.lang.String,java.lang.String,java.lang.String,java.util.Map<java.lang.String, java.lang.String>)
21:57:57.143 [restartedMain] INFO  o.s.w.s.m.m.a.RequestMappingHandlerMapping - Mapped "{[/store-management*/owners/{ownerId}/stores/{storeId}],methods=[DELETE]}" onto public org.springframework.http.ResponseEntity<java.lang.Void> com.wowls.sff.controller.StoreManagementController.removeOwnStoreInfo(java.lang.String,java.lang.String)
21:57:57.145 [restartedMain] INFO  o.s.w.s.m.m.a.RequestMappingHandlerMapping - Mapped "{[/users*/test],methods=[GET]}" onto public java.lang.String com.wowls.sff.controller.UserController.test()
21:57:57.145 [restartedMain] INFO  o.s.w.s.m.m.a.RequestMappingHandlerMapping - Mapped "{[/users*/{userId}],methods=[GET]}" onto public org.springframework.http.ResponseEntity<java.util.Map<java.lang.String, java.lang.String>> com.wowls.sff.controller.UserController.showUserInfo(java.lang.String)
21:57:57.145 [restartedMain] INFO  o.s.w.s.m.m.a.RequestMappingHandlerMapping - Mapped "{[/users*/activate/{userId}],methods=[PUT]}" onto public org.springframework.http.ResponseEntity<java.lang.Void> com.wowls.sff.controller.UserController.activateAccount(java.lang.String,java.util.Map<java.lang.String, java.lang.String>)
21:57:57.146 [restartedMain] INFO  o.s.w.s.m.m.a.RequestMappingHandlerMapping - Mapped "{[/users*],methods=[POST]}" onto public org.springframework.http.ResponseEntity<java.util.Map<java.lang.String, java.lang.String>> com.wowls.sff.controller.UserController.saveUserInfo(java.util.Map<java.lang.String, java.lang.String>)
21:57:57.146 [restartedMain] INFO  o.s.w.s.m.m.a.RequestMappingHandlerMapping - Mapped "{[/users*],methods=[GET]}" onto public org.springframework.http.ResponseEntity<java.util.List<java.util.Map<java.lang.String, java.lang.String>>> com.wowls.sff.controller.UserController.showUserList()
21:57:57.146 [restartedMain] INFO  o.s.w.s.m.m.a.RequestMappingHandlerMapping - Mapped "{[/users*/{userId}],methods=[PUT]}" onto public org.springframework.http.ResponseEntity<java.lang.Void> com.wowls.sff.controller.UserController.modifyUserInfo(java.lang.String,java.util.Map<java.lang.String, java.lang.String>)
21:57:57.147 [restartedMain] INFO  o.s.w.s.m.m.a.RequestMappingHandlerMapping - Mapped "{[/users*/{userId}],methods=[DELETE]}" onto public org.springframework.http.ResponseEntity<java.lang.Void> com.wowls.sff.controller.UserController.removeUser(java.lang.String)
21:57:57.149 [restartedMain] INFO  o.s.w.s.m.m.a.RequestMappingHandlerMapping - Mapped "{[/swagger-resources/configuration/security]}" onto public org.springframework.http.ResponseEntity<springfox.documentation.swagger.web.SecurityConfiguration> springfox.documentation.swagger.web.ApiResourceController.securityConfiguration()
21:57:57.150 [restartedMain] INFO  o.s.w.s.m.m.a.RequestMappingHandlerMapping - Mapped "{[/swagger-resources/configuration/ui]}" onto public org.springframework.http.ResponseEntity<springfox.documentation.swagger.web.UiConfiguration> springfox.documentation.swagger.web.ApiResourceController.uiConfiguration()
21:57:57.150 [restartedMain] INFO  o.s.w.s.m.m.a.RequestMappingHandlerMapping - Mapped "{[/swagger-resources]}" onto public org.springframework.http.ResponseEntity<java.util.List<springfox.documentation.swagger.web.SwaggerResource>> springfox.documentation.swagger.web.ApiResourceController.swaggerResources()
21:57:57.153 [restartedMain] INFO  o.s.w.s.m.m.a.RequestMappingHandlerMapping - Mapped "{[/error]}" onto public org.springframework.http.ResponseEntity<java.util.Map<java.lang.String, java.lang.Object>> org.springframework.boot.autoconfigure.web.servlet.error.BasicErrorController.error(javax.servlet.http.HttpServletRequest)
21:57:57.153 [restartedMain] INFO  o.s.w.s.m.m.a.RequestMappingHandlerMapping - Mapped "{[/error],produces=[text/html]}" onto public org.springframework.web.servlet.ModelAndView org.springframework.boot.autoconfigure.web.servlet.error.BasicErrorController.errorHtml(javax.servlet.http.HttpServletRequest,javax.servlet.http.HttpServletResponse)
21:57:57.305 [restartedMain] INFO  s.d.s.w.PropertySourcedRequestMappingHandlerMapping - Mapped URL path [/v2/api-docs] onto method [public org.springframework.http.ResponseEntity<springfox.documentation.spring.web.json.Json> springfox.documentation.swagger2.web.Swagger2Controller.getDocumentation(java.lang.String,javax.servlet.http.HttpServletRequest)]
21:57:57.443 [restartedMain] INFO  o.s.s.c.ThreadPoolTaskExecutor - Initializing ExecutorService  'clientInboundChannelExecutor'
21:57:57.455 [restartedMain] INFO  o.s.s.c.ThreadPoolTaskExecutor - Initializing ExecutorService  'clientOutboundChannelExecutor'
21:57:57.473 [restartedMain] INFO  o.s.s.c.ThreadPoolTaskScheduler - Initializing ExecutorService  'messageBrokerTaskScheduler'
21:57:57.514 [restartedMain] INFO  o.s.w.s.s.s.WebSocketHandlerMapping - Mapped URL path [/ws/**] onto handler of type [class org.springframework.web.socket.sockjs.support.SockJsHttpRequestHandler]
21:57:57.528 [restartedMain] INFO  o.s.s.c.ThreadPoolTaskExecutor - Initializing ExecutorService  'brokerChannelExecutor'
21:57:57.680 [restartedMain] INFO  o.s.w.s.h.SimpleUrlHandlerMapping - Mapped URL path [/**/favicon.ico] onto handler of type [class org.springframework.web.servlet.resource.ResourceHttpRequestHandler]
21:57:57.743 [restartedMain] INFO  o.s.w.s.m.m.a.RequestMappingHandlerAdapter - Looking for @ControllerAdvice: org.springframework.boot.web.servlet.context.AnnotationConfigServletWebServerApplicationContext@21fddcaf: startup date [Thu Jan 31 21:57:53 KST 2019]; root of context hierarchy
21:57:57.788 [restartedMain] INFO  o.s.w.s.h.SimpleUrlHandlerMapping - Mapped URL path [/webjars/**] onto handler of type [class org.springframework.web.servlet.resource.ResourceHttpRequestHandler]
21:57:57.788 [restartedMain] INFO  o.s.w.s.h.SimpleUrlHandlerMapping - Mapped URL path [/**] onto handler of type [class org.springframework.web.servlet.resource.ResourceHttpRequestHandler]
21:57:57.831 [restartedMain] INFO  o.s.b.a.w.s.WelcomePageHandlerMapping - Adding welcome page: class path resource [static/index.html]
21:57:58.091 [restartedMain] INFO  o.s.b.d.a.OptionalLiveReloadServer - LiveReload server is running on port 35729
21:57:58.118 [restartedMain] INFO  o.s.j.e.a.AnnotationMBeanExporter - Registering beans for JMX exposure on startup
21:57:58.119 [restartedMain] INFO  o.s.j.e.a.AnnotationMBeanExporter - Bean with name 'dataSource' has been autodetected for JMX exposure
21:57:58.124 [restartedMain] INFO  o.s.j.e.a.AnnotationMBeanExporter - Located MBean 'dataSource': registering with JMX server as MBean [com.zaxxer.hikari:name=dataSource,type=HikariDataSource]
21:57:58.129 [restartedMain] INFO  o.s.c.s.DefaultLifecycleProcessor - Starting beans in phase 2147483647
21:57:58.129 [restartedMain] INFO  s.d.s.w.p.DocumentationPluginsBootstrapper - Context refreshed
21:57:58.148 [restartedMain] INFO  s.d.s.w.p.DocumentationPluginsBootstrapper - Found 1 custom documentation plugin(s)
21:57:58.185 [restartedMain] INFO  s.d.s.w.s.ApiListingReferenceScanner - Scanning for api listing references
21:57:58.292 [restartedMain] INFO  s.d.s.w.r.o.CachingOperationNameGenerator - Generating unique operation named: showStoreListUsingGET_1
21:57:58.311 [restartedMain] INFO  o.s.m.s.b.SimpleBrokerMessageHandler - Starting...
21:57:58.311 [restartedMain] INFO  o.s.m.s.b.SimpleBrokerMessageHandler - BrokerAvailabilityEvent[available=true, SimpleBrokerMessageHandler [DefaultSubscriptionRegistry[cache[0 destination(s)], registry[0 sessions]]]]
21:57:58.312 [restartedMain] INFO  o.s.m.s.b.SimpleBrokerMessageHandler - Started.
21:57:58.320 [restartedMain] INFO  o.a.coyote.http11.Http11NioProtocol - Starting ProtocolHandler ["http-nio-7701"]
21:57:58.336 [restartedMain] INFO  o.a.tomcat.util.net.NioSelectorPool - Using a shared selector for servlet write/read
21:57:58.351 [restartedMain] INFO  o.s.b.w.e.tomcat.TomcatWebServer - Tomcat started on port(s): 7701 (http) with context path ''
21:57:58.354 [restartedMain] INFO  c.w.sff.StreetFoodFinderApplication - Started StreetFoodFinderApplication in 5.23 seconds (JVM running for 6.447)
21:58:57.526 [MessageBroker-1] INFO  o.s.w.s.c.WebSocketMessageBrokerStats - WebSocketSession[0 current WS(0)-HttpStream(0)-HttpPoll(0), 0 total, 0 closed abnormally (0 connect failure, 0 send limit, 0 transport error)], stompSubProtocol[processed CONNECT(0)-CONNECTED(0)-DISCONNECT(0)], stompBrokerRelay[null], inboundChannel[pool size = 0, active threads = 0, queued tasks = 0, completed tasks = 0], outboundChannelpool size = 0, active threads = 0, queued tasks = 0, completed tasks = 0], sockJsScheduler[pool size = 1, active threads = 1, queued tasks = 0, completed tasks = 0]
22:00:00.115 [http-nio-7701-exec-5] INFO  o.a.c.c.C.[Tomcat].[localhost].[/] - Initializing Spring FrameworkServlet 'dispatcherServlet'
22:00:00.115 [http-nio-7701-exec-5] INFO  o.s.web.servlet.DispatcherServlet - FrameworkServlet 'dispatcherServlet': initialization started
22:00:00.143 [http-nio-7701-exec-5] INFO  o.s.web.servlet.DispatcherServlet - FrameworkServlet 'dispatcherServlet': initialization completed in 27 ms
22:18:13.682 [Thread-7] INFO  o.s.b.w.s.c.AnnotationConfigServletWebServerApplicationContext - Closing org.springframework.boot.web.servlet.context.AnnotationConfigServletWebServerApplicationContext@21fddcaf: startup date [Thu Jan 31 21:57:53 KST 2019]; root of context hierarchy
22:18:13.692 [Thread-7] INFO  o.s.c.s.DefaultLifecycleProcessor - Stopping beans in phase 2147483647
22:18:13.693 [Thread-7] INFO  o.s.m.s.b.SimpleBrokerMessageHandler - Stopping...
22:18:13.694 [Thread-7] INFO  o.s.m.s.b.SimpleBrokerMessageHandler - BrokerAvailabilityEvent[available=false, SimpleBrokerMessageHandler [DefaultSubscriptionRegistry[cache[0 destination(s)], registry[0 sessions]]]]
22:18:13.695 [Thread-7] INFO  o.s.m.s.b.SimpleBrokerMessageHandler - Stopped.
22:18:13.703 [Thread-7] WARN  o.s.b.f.s.DisposableBeanAdapter - Invocation of destroy method failed on bean with name 'inMemoryDatabaseShutdownExecutor': org.h2.jdbc.JdbcSQLException: Database is already closed (to disable automatic closing at VM shutdown, add ";DB_CLOSE_ON_EXIT=FALSE" to the db URL) [90121-197]
22:18:13.704 [Thread-7] INFO  o.s.j.e.a.AnnotationMBeanExporter - Unregistering JMX-exposed beans on shutdown
22:18:13.705 [Thread-7] INFO  o.s.j.e.a.AnnotationMBeanExporter - Unregistering JMX-exposed beans
22:18:13.706 [Thread-7] INFO  o.s.s.c.ThreadPoolTaskExecutor - Shutting down ExecutorService 'brokerChannelExecutor'
22:18:13.707 [Thread-7] INFO  o.s.s.c.ThreadPoolTaskScheduler - Shutting down ExecutorService 'messageBrokerTaskScheduler'
22:18:13.708 [Thread-7] INFO  o.s.s.c.ThreadPoolTaskExecutor - Shutting down ExecutorService 'clientOutboundChannelExecutor'
22:18:13.708 [Thread-7] INFO  o.s.s.c.ThreadPoolTaskExecutor - Shutting down ExecutorService 'clientInboundChannelExecutor'
22:18:13.711 [Thread-7] INFO  com.zaxxer.hikari.HikariDataSource - HikariPool-1 - Shutdown initiated...
22:18:13.713 [Thread-7] INFO  com.zaxxer.hikari.HikariDataSource - HikariPool-1 - Shutdown completed.
22:18:14.026 [restartedMain] INFO  c.w.sff.StreetFoodFinderApplication - Starting StreetFoodFinderApplication on DESKTOP-CQVQS73 with PID 5548 (C:\Users\dntnr\Desktop\Projects\eclipse_workspace\StreetFoodFinder\target\classes started by dntnr in C:\Users\dntnr\Desktop\Projects\eclipse_workspace\StreetFoodFinder)
22:18:14.027 [restartedMain] DEBUG c.w.sff.StreetFoodFinderApplication - Running with Spring Boot v2.0.3.RELEASE, Spring v5.0.7.RELEASE
22:18:14.027 [restartedMain] INFO  c.w.sff.StreetFoodFinderApplication - No active profile set, falling back to default profiles: default
22:18:14.030 [restartedMain] INFO  o.s.b.w.s.c.AnnotationConfigServletWebServerApplicationContext - Refreshing org.springframework.boot.web.servlet.context.AnnotationConfigServletWebServerApplicationContext@38c892d4: startup date [Thu Jan 31 22:18:14 KST 2019]; root of context hierarchy
22:18:14.692 [restartedMain] INFO  c.u.j.c.EnableEncryptablePropertiesBeanFactoryPostProcessor - Post-processing PropertySource instances
22:18:14.697 [restartedMain] INFO  c.u.j.EncryptablePropertySourceConverter - Converting PropertySource configurationProperties [org.springframework.boot.context.properties.source.ConfigurationPropertySourcesPropertySource] to AOP Proxy
22:18:14.697 [restartedMain] INFO  c.u.j.EncryptablePropertySourceConverter - Converting PropertySource servletConfigInitParams [org.springframework.core.env.PropertySource$StubPropertySource] to EncryptablePropertySourceWrapper
22:18:14.697 [restartedMain] INFO  c.u.j.EncryptablePropertySourceConverter - Converting PropertySource servletContextInitParams [org.springframework.core.env.PropertySource$StubPropertySource] to EncryptablePropertySourceWrapper
22:18:14.697 [restartedMain] INFO  c.u.j.EncryptablePropertySourceConverter - Converting PropertySource systemProperties [org.springframework.core.env.MapPropertySource] to EncryptableMapPropertySourceWrapper
22:18:14.697 [restartedMain] INFO  c.u.j.EncryptablePropertySourceConverter - Converting PropertySource systemEnvironment [org.springframework.boot.env.SystemEnvironmentPropertySourceEnvironmentPostProcessor$OriginAwareSystemEnvironmentPropertySource] to EncryptableMapPropertySourceWrapper
22:18:14.697 [restartedMain] INFO  c.u.j.EncryptablePropertySourceConverter - Converting PropertySource random [org.springframework.boot.env.RandomValuePropertySource] to EncryptablePropertySourceWrapper
22:18:14.698 [restartedMain] INFO  c.u.j.EncryptablePropertySourceConverter - Converting PropertySource applicationConfig: [classpath:/application.properties] [org.springframework.boot.env.OriginTrackedMapPropertySource] to EncryptableMapPropertySourceWrapper
22:18:14.698 [restartedMain] INFO  c.u.j.EncryptablePropertySourceConverter - Converting PropertySource refresh [org.springframework.core.env.MapPropertySource] to EncryptableMapPropertySourceWrapper
22:18:14.721 [restartedMain] INFO  o.s.c.s.PostProcessorRegistrationDelegate$BeanPostProcessorChecker - Bean 'org.springframework.transaction.annotation.ProxyTransactionManagementConfiguration' of type [org.springframework.transaction.annotation.ProxyTransactionManagementConfiguration$$EnhancerBySpringCGLIB$$d1fd77c5] is not eligible for getting processed by all BeanPostProcessors (for example: not eligible for auto-proxying)
22:18:14.739 [restartedMain] INFO  c.u.j.r.DefaultLazyPropertyResolver - Property Resolver custom Bean not found with name 'encryptablePropertyResolver'. Initializing Default Property Resolver
22:18:14.739 [restartedMain] INFO  c.u.j.d.DefaultLazyPropertyDetector - Property Detector custom Bean not found with name 'encryptablePropertyDetector'. Initializing Default Property Detector
22:18:14.909 [restartedMain] INFO  o.s.b.w.e.tomcat.TomcatWebServer - Tomcat initialized with port(s): 7701 (http)
22:18:14.910 [restartedMain] INFO  o.a.coyote.http11.Http11NioProtocol - Initializing ProtocolHandler ["http-nio-7701"]
22:18:14.911 [restartedMain] INFO  o.a.catalina.core.StandardService - Starting service [Tomcat]
22:18:14.911 [restartedMain] INFO  o.a.catalina.core.StandardEngine - Starting Servlet Engine: Apache Tomcat/8.5.31
22:18:14.943 [localhost-startStop-1] INFO  o.a.c.c.C.[Tomcat].[localhost].[/] - Initializing Spring embedded WebApplicationContext
22:18:14.943 [localhost-startStop-1] INFO  o.s.web.context.ContextLoader - Root WebApplicationContext: initialization completed in 913 ms
22:18:14.990 [localhost-startStop-1] INFO  o.s.b.w.s.ServletRegistrationBean - Servlet dispatcherServlet mapped to [/]
22:18:14.990 [localhost-startStop-1] INFO  o.s.b.w.s.ServletRegistrationBean - Servlet webServlet mapped to [/h2-console/*]
22:18:14.990 [localhost-startStop-1] INFO  o.s.b.w.s.FilterRegistrationBean - Mapping filter: 'characterEncodingFilter' to: [/*]
22:18:14.990 [localhost-startStop-1] INFO  o.s.b.w.s.FilterRegistrationBean - Mapping filter: 'hiddenHttpMethodFilter' to: [/*]
22:18:14.991 [localhost-startStop-1] INFO  o.s.b.w.s.FilterRegistrationBean - Mapping filter: 'httpPutFormContentFilter' to: [/*]
22:18:14.991 [localhost-startStop-1] INFO  o.s.b.w.s.FilterRegistrationBean - Mapping filter: 'requestContextFilter' to: [/*]
22:18:15.055 [restartedMain] INFO  com.zaxxer.hikari.HikariDataSource - HikariPool-2 - Starting...
22:18:15.057 [restartedMain] INFO  com.zaxxer.hikari.HikariDataSource - HikariPool-2 - Start completed.
22:18:15.057 [restartedMain] INFO  o.s.jdbc.datasource.init.ScriptUtils - Executing SQL script from URL [file:/C:/Users/dntnr/Desktop/Projects/eclipse_workspace/StreetFoodFinder/target/classes/schema.sql]
22:18:15.062 [restartedMain] INFO  o.s.jdbc.datasource.init.ScriptUtils - Executed SQL script from URL [file:/C:/Users/dntnr/Desktop/Projects/eclipse_workspace/StreetFoodFinder/target/classes/schema.sql] in 5 ms.
22:18:15.066 [restartedMain] INFO  o.s.jdbc.datasource.init.ScriptUtils - Executing SQL script from URL [file:/C:/Users/dntnr/Desktop/Projects/eclipse_workspace/StreetFoodFinder/target/classes/data.sql]
22:18:15.086 [restartedMain] INFO  o.s.jdbc.datasource.init.ScriptUtils - Executed SQL script from URL [file:/C:/Users/dntnr/Desktop/Projects/eclipse_workspace/StreetFoodFinder/target/classes/data.sql] in 20 ms.
22:18:15.133 [restartedMain] INFO  com.wowls.sff.LogAspect - before nomalize: C:\Users\dntnr\Desktop\Projects\eclipse_workspace\StreetFoodFinder\.\uploads
22:18:15.133 [restartedMain] INFO  com.wowls.sff.LogAspect - after nomalize: C:\Users\dntnr\Desktop\Projects\eclipse_workspace\StreetFoodFinder\uploads
22:18:15.299 [restartedMain] INFO  o.s.w.s.m.m.a.RequestMappingHandlerMapping - Mapped "{[/boards*],methods=[POST]}" onto public org.springframework.http.ResponseEntity<java.lang.Void> com.wowls.sff.controller.BoardController.savePost(java.util.Map<java.lang.String, java.lang.String>)
22:18:15.299 [restartedMain] INFO  o.s.w.s.m.m.a.RequestMappingHandlerMapping - Mapped "{[/favorite*/{storeId}],methods=[POST]}" onto public org.springframework.http.ResponseEntity<java.lang.Void> com.wowls.sff.controller.FavoriteController.saveFavoriteStore(java.lang.String)
22:18:15.300 [restartedMain] INFO  o.s.w.s.m.m.a.RequestMappingHandlerMapping - Mapped "{[/stores*/{storeId}],methods=[GET]}" onto public org.springframework.http.ResponseEntity<java.util.Map<java.lang.String, java.lang.Object>> com.wowls.sff.controller.FoodMapController.showStoreInfo(java.lang.String)
22:18:15.300 [restartedMain] INFO  o.s.w.s.m.m.a.RequestMappingHandlerMapping - Mapped "{[/stores*/search],methods=[GET]}" onto public org.springframework.http.ResponseEntity<java.util.List<java.util.Map<java.lang.String, java.lang.Object>>> com.wowls.sff.controller.FoodMapController.showStoreList(java.lang.String,java.lang.String,java.lang.String,java.lang.String)
22:18:15.301 [restartedMain] INFO  o.s.w.s.m.m.a.RequestMappingHandlerMapping - Mapped "{[/reviews*/writers/{writerId}/stores/{storeId}],methods=[DELETE]}" onto public org.springframework.http.ResponseEntity<java.lang.Void> com.wowls.sff.controller.ReviewController.removeReview(java.lang.String,java.lang.String)
22:18:15.301 [restartedMain] INFO  o.s.w.s.m.m.a.RequestMappingHandlerMapping - Mapped "{[/reviews*/writers/{writerId}/stores],methods=[POST]}" onto public org.springframework.http.ResponseEntity<java.lang.Void> com.wowls.sff.controller.ReviewController.saveReview(java.lang.String,java.util.Map<java.lang.String, java.lang.String>)
22:18:15.301 [restartedMain] INFO  o.s.w.s.m.m.a.RequestMappingHandlerMapping - Mapped "{[/reviews*/writers/{writerId}/stores/{storeId}],methods=[PUT]}" onto public org.springframework.http.ResponseEntity<java.lang.Void> com.wowls.sff.controller.ReviewController.modifyReview(java.lang.String,java.lang.String,java.util.Map<java.lang.String, java.lang.String>)
22:18:15.302 [restartedMain] INFO  o.s.w.s.m.m.a.RequestMappingHandlerMapping - Mapped "{[/reviews*/writers/{writerId}],methods=[GET]}" onto public org.springframework.http.ResponseEntity<java.util.List<java.util.Map<java.lang.String, java.lang.Object>>> com.wowls.sff.controller.ReviewController.showReviewListByWriter(java.lang.String)
22:18:15.302 [restartedMain] INFO  o.s.w.s.m.m.a.RequestMappingHandlerMapping - Mapped "{[/reviews*/stores/{storeId}],methods=[GET]}" onto public org.springframework.http.ResponseEntity<java.util.List<java.util.Map<java.lang.String, java.lang.Object>>> com.wowls.sff.controller.ReviewController.showReviewListByStore(java.lang.String)
22:18:15.302 [restartedMain] INFO  o.s.w.s.m.m.a.RequestMappingHandlerMapping - Mapped "{[/store-management*/owners/{ownerId}/stores*],methods=[POST]}" onto public org.springframework.http.ResponseEntity<java.util.List<java.util.Map<java.lang.String, java.lang.Object>>> com.wowls.sff.controller.StoreManagementController.saveStoreInfo(java.lang.String,java.util.Map<java.lang.String, java.lang.Object>)
22:18:15.302 [restartedMain] INFO  o.s.w.s.m.m.a.RequestMappingHandlerMapping - Mapped "{[/store-management*/owners/{ownerId}/stores/{storeId}/menus/{menuName}],methods=[DELETE]}" onto public org.springframework.http.ResponseEntity<java.lang.Void> com.wowls.sff.controller.StoreManagementController.removeMenuInfo(java.lang.String,java.lang.String,java.lang.String)
22:18:15.302 [restartedMain] INFO  o.s.w.s.m.m.a.RequestMappingHandlerMapping - Mapped "{[/store-management*/owners/{ownerId}/stores*],methods=[GET]}" onto public org.springframework.http.ResponseEntity<java.util.List<java.util.Map<java.lang.String, java.lang.Object>>> com.wowls.sff.controller.StoreManagementController.showStoreList(java.lang.String)
22:18:15.303 [restartedMain] INFO  o.s.w.s.m.m.a.RequestMappingHandlerMapping - Mapped "{[/store-management*/owners/{ownerId}/stores/{storeId}/menus*],methods=[POST]}" onto public org.springframework.http.ResponseEntity<java.util.List<java.util.Map<java.lang.String, java.lang.Object>>> com.wowls.sff.controller.StoreManagementController.saveMenuInfo(java.lang.String,java.lang.String,java.util.Map<java.lang.String, java.lang.String>)
22:18:15.303 [restartedMain] INFO  o.s.w.s.m.m.a.RequestMappingHandlerMapping - Mapped "{[/store-management*/owners/{ownerId}/stores/{storeId}],methods=[PUT]}" onto public org.springframework.http.ResponseEntity<java.lang.Void> com.wowls.sff.controller.StoreManagementController.modifyStoreInfo(java.lang.String,java.lang.String,java.util.Map<java.lang.String, java.lang.String>)
22:18:15.303 [restartedMain] INFO  o.s.w.s.m.m.a.RequestMappingHandlerMapping - Mapped "{[/store-management*/owners/{ownerId}/stores/{storeId}/menus*],methods=[GET]}" onto public org.springframework.http.ResponseEntity<java.util.List<java.util.Map<java.lang.String, java.lang.Object>>> com.wowls.sff.controller.StoreManagementController.showOwnMenuList(java.lang.String,java.lang.String)
22:18:15.303 [restartedMain] INFO  o.s.w.s.m.m.a.RequestMappingHandlerMapping - Mapped "{[/store-management*/owners/{ownerId}/stores/{storeId}/menus/{menuName}],methods=[PUT]}" onto public org.springframework.http.ResponseEntity<java.lang.Void> com.wowls.sff.controller.StoreManagementController.modifyMenuInfo(java.lang.String,java.lang.String,java.lang.String,java.util.Map<java.lang.String, java.lang.String>)
22:18:15.303 [restartedMain] INFO  o.s.w.s.m.m.a.RequestMappingHandlerMapping - Mapped "{[/store-management*/owners/{ownerId}/stores/{storeId}],methods=[DELETE]}" onto public org.springframework.http.ResponseEntity<java.lang.Void> com.wowls.sff.controller.StoreManagementController.removeOwnStoreInfo(java.lang.String,java.lang.String)
22:18:15.306 [restartedMain] INFO  o.s.w.s.m.m.a.RequestMappingHandlerMapping - Mapped "{[/users*/test],methods=[GET]}" onto public java.lang.String com.wowls.sff.controller.UserController.test()
22:18:15.306 [restartedMain] INFO  o.s.w.s.m.m.a.RequestMappingHandlerMapping - Mapped "{[/users*/{userId}],methods=[GET]}" onto public org.springframework.http.ResponseEntity<java.util.Map<java.lang.String, java.lang.String>> com.wowls.sff.controller.UserController.showUserInfo(java.lang.String)
22:18:15.306 [restartedMain] INFO  o.s.w.s.m.m.a.RequestMappingHandlerMapping - Mapped "{[/users*/activate/{userId}],methods=[PUT]}" onto public org.springframework.http.ResponseEntity<java.lang.Void> com.wowls.sff.controller.UserController.activateAccount(java.lang.String,java.util.Map<java.lang.String, java.lang.String>)
22:18:15.307 [restartedMain] INFO  o.s.w.s.m.m.a.RequestMappingHandlerMapping - Mapped "{[/users*],methods=[POST]}" onto public org.springframework.http.ResponseEntity<java.util.Map<java.lang.String, java.lang.String>> com.wowls.sff.controller.UserController.saveUserInfo(java.util.Map<java.lang.String, java.lang.String>)
22:18:15.307 [restartedMain] INFO  o.s.w.s.m.m.a.RequestMappingHandlerMapping - Mapped "{[/users*],methods=[GET]}" onto public org.springframework.http.ResponseEntity<java.util.List<java.util.Map<java.lang.String, java.lang.String>>> com.wowls.sff.controller.UserController.showUserList()
22:18:15.307 [restartedMain] INFO  o.s.w.s.m.m.a.RequestMappingHandlerMapping - Mapped "{[/users*/{userId}],methods=[PUT]}" onto public org.springframework.http.ResponseEntity<java.lang.Void> com.wowls.sff.controller.UserController.modifyUserInfo(java.lang.String,java.util.Map<java.lang.String, java.lang.String>)
22:18:15.307 [restartedMain] INFO  o.s.w.s.m.m.a.RequestMappingHandlerMapping - Mapped "{[/users*/{userId}],methods=[DELETE]}" onto public org.springframework.http.ResponseEntity<java.lang.Void> com.wowls.sff.controller.UserController.removeUser(java.lang.String)
22:18:15.309 [restartedMain] INFO  o.s.w.s.m.m.a.RequestMappingHandlerMapping - Mapped "{[/swagger-resources/configuration/security]}" onto public org.springframework.http.ResponseEntity<springfox.documentation.swagger.web.SecurityConfiguration> springfox.documentation.swagger.web.ApiResourceController.securityConfiguration()
22:18:15.309 [restartedMain] INFO  o.s.w.s.m.m.a.RequestMappingHandlerMapping - Mapped "{[/swagger-resources/configuration/ui]}" onto public org.springframework.http.ResponseEntity<springfox.documentation.swagger.web.UiConfiguration> springfox.documentation.swagger.web.ApiResourceController.uiConfiguration()
22:18:15.309 [restartedMain] INFO  o.s.w.s.m.m.a.RequestMappingHandlerMapping - Mapped "{[/swagger-resources]}" onto public org.springframework.http.ResponseEntity<java.util.List<springfox.documentation.swagger.web.SwaggerResource>> springfox.documentation.swagger.web.ApiResourceController.swaggerResources()
22:18:15.311 [restartedMain] INFO  o.s.w.s.m.m.a.RequestMappingHandlerMapping - Mapped "{[/error]}" onto public org.springframework.http.ResponseEntity<java.util.Map<java.lang.String, java.lang.Object>> org.springframework.boot.autoconfigure.web.servlet.error.BasicErrorController.error(javax.servlet.http.HttpServletRequest)
22:18:15.312 [restartedMain] INFO  o.s.w.s.m.m.a.RequestMappingHandlerMapping - Mapped "{[/error],produces=[text/html]}" onto public org.springframework.web.servlet.ModelAndView org.springframework.boot.autoconfigure.web.servlet.error.BasicErrorController.errorHtml(javax.servlet.http.HttpServletRequest,javax.servlet.http.HttpServletResponse)
22:18:15.357 [restartedMain] INFO  s.d.s.w.PropertySourcedRequestMappingHandlerMapping - Mapped URL path [/v2/api-docs] onto method [public org.springframework.http.ResponseEntity<springfox.documentation.spring.web.json.Json> springfox.documentation.swagger2.web.Swagger2Controller.getDocumentation(java.lang.String,javax.servlet.http.HttpServletRequest)]
22:18:15.399 [restartedMain] INFO  o.s.s.c.ThreadPoolTaskExecutor - Initializing ExecutorService  'clientInboundChannelExecutor'
22:18:15.407 [restartedMain] INFO  o.s.s.c.ThreadPoolTaskExecutor - Initializing ExecutorService  'clientOutboundChannelExecutor'
22:18:15.410 [restartedMain] INFO  o.s.s.c.ThreadPoolTaskScheduler - Initializing ExecutorService  'messageBrokerTaskScheduler'
22:18:15.416 [restartedMain] INFO  o.s.w.s.s.s.WebSocketHandlerMapping - Mapped URL path [/ws/**] onto handler of type [class org.springframework.web.socket.sockjs.support.SockJsHttpRequestHandler]
22:18:15.421 [restartedMain] INFO  o.s.s.c.ThreadPoolTaskExecutor - Initializing ExecutorService  'brokerChannelExecutor'
22:18:15.467 [restartedMain] INFO  o.s.w.s.h.SimpleUrlHandlerMapping - Mapped URL path [/**/favicon.ico] onto handler of type [class org.springframework.web.servlet.resource.ResourceHttpRequestHandler]
22:18:15.488 [restartedMain] INFO  o.s.w.s.m.m.a.RequestMappingHandlerAdapter - Looking for @ControllerAdvice: org.springframework.boot.web.servlet.context.AnnotationConfigServletWebServerApplicationContext@38c892d4: startup date [Thu Jan 31 22:18:14 KST 2019]; root of context hierarchy
22:18:15.502 [restartedMain] INFO  o.s.w.s.h.SimpleUrlHandlerMapping - Mapped URL path [/webjars/**] onto handler of type [class org.springframework.web.servlet.resource.ResourceHttpRequestHandler]
22:18:15.502 [restartedMain] INFO  o.s.w.s.h.SimpleUrlHandlerMapping - Mapped URL path [/**] onto handler of type [class org.springframework.web.servlet.resource.ResourceHttpRequestHandler]
22:18:15.520 [restartedMain] INFO  o.s.b.a.w.s.WelcomePageHandlerMapping - Adding welcome page: class path resource [static/index.html]
22:18:15.622 [restartedMain] INFO  o.s.b.d.a.OptionalLiveReloadServer - LiveReload server is running on port 35729
22:18:15.640 [restartedMain] INFO  o.s.j.e.a.AnnotationMBeanExporter - Registering beans for JMX exposure on startup
22:18:15.641 [restartedMain] INFO  o.s.j.e.a.AnnotationMBeanExporter - Bean with name 'dataSource' has been autodetected for JMX exposure
22:18:15.646 [restartedMain] INFO  o.s.j.e.a.AnnotationMBeanExporter - Located MBean 'dataSource': registering with JMX server as MBean [com.zaxxer.hikari:name=dataSource,type=HikariDataSource]
22:18:15.647 [restartedMain] INFO  o.s.c.s.DefaultLifecycleProcessor - Starting beans in phase 2147483647
22:18:15.647 [restartedMain] INFO  s.d.s.w.p.DocumentationPluginsBootstrapper - Context refreshed
22:18:15.648 [restartedMain] INFO  s.d.s.w.p.DocumentationPluginsBootstrapper - Found 1 custom documentation plugin(s)
22:18:15.658 [restartedMain] INFO  s.d.s.w.s.ApiListingReferenceScanner - Scanning for api listing references
22:18:15.696 [restartedMain] INFO  s.d.s.w.r.o.CachingOperationNameGenerator - Generating unique operation named: showStoreListUsingGET_1
22:18:15.703 [restartedMain] INFO  o.s.m.s.b.SimpleBrokerMessageHandler - Starting...
22:18:15.703 [restartedMain] INFO  o.s.m.s.b.SimpleBrokerMessageHandler - BrokerAvailabilityEvent[available=true, SimpleBrokerMessageHandler [DefaultSubscriptionRegistry[cache[0 destination(s)], registry[0 sessions]]]]
22:18:15.704 [restartedMain] INFO  o.s.m.s.b.SimpleBrokerMessageHandler - Started.
22:18:15.708 [restartedMain] INFO  o.a.coyote.http11.Http11NioProtocol - Starting ProtocolHandler ["http-nio-7701"]
22:18:15.710 [restartedMain] INFO  o.a.tomcat.util.net.NioSelectorPool - Using a shared selector for servlet write/read
22:18:15.715 [restartedMain] INFO  o.s.b.w.e.tomcat.TomcatWebServer - Tomcat started on port(s): 7701 (http) with context path ''
22:18:15.716 [restartedMain] INFO  c.w.sff.StreetFoodFinderApplication - Started StreetFoodFinderApplication in 1.726 seconds (JVM running for 1223.808)
22:18:15.719 [restartedMain] INFO  o.s.b.d.a.ConditionEvaluationDeltaLoggingListener - Condition evaluation unchanged
22:19:06.406 [Thread-11] INFO  o.s.b.w.s.c.AnnotationConfigServletWebServerApplicationContext - Closing org.springframework.boot.web.servlet.context.AnnotationConfigServletWebServerApplicationContext@38c892d4: startup date [Thu Jan 31 22:18:14 KST 2019]; root of context hierarchy
22:19:06.409 [Thread-11] INFO  o.s.c.s.DefaultLifecycleProcessor - Stopping beans in phase 2147483647
22:19:06.410 [Thread-11] INFO  o.s.m.s.b.SimpleBrokerMessageHandler - Stopping...
22:19:06.410 [Thread-11] INFO  o.s.m.s.b.SimpleBrokerMessageHandler - BrokerAvailabilityEvent[available=false, SimpleBrokerMessageHandler [DefaultSubscriptionRegistry[cache[0 destination(s)], registry[0 sessions]]]]
22:19:06.410 [Thread-11] INFO  o.s.m.s.b.SimpleBrokerMessageHandler - Stopped.
22:19:06.412 [Thread-11] WARN  o.s.b.f.s.DisposableBeanAdapter - Invocation of destroy method failed on bean with name 'inMemoryDatabaseShutdownExecutor': org.h2.jdbc.JdbcSQLException: Database is already closed (to disable automatic closing at VM shutdown, add ";DB_CLOSE_ON_EXIT=FALSE" to the db URL) [90121-197]
22:19:06.412 [Thread-11] INFO  o.s.j.e.a.AnnotationMBeanExporter - Unregistering JMX-exposed beans on shutdown
22:19:06.413 [Thread-11] INFO  o.s.j.e.a.AnnotationMBeanExporter - Unregistering JMX-exposed beans
22:19:06.413 [Thread-11] INFO  o.s.s.c.ThreadPoolTaskExecutor - Shutting down ExecutorService 'brokerChannelExecutor'
22:19:06.413 [Thread-11] INFO  o.s.s.c.ThreadPoolTaskScheduler - Shutting down ExecutorService 'messageBrokerTaskScheduler'
22:19:06.414 [Thread-11] INFO  o.s.s.c.ThreadPoolTaskExecutor - Shutting down ExecutorService 'clientOutboundChannelExecutor'
22:19:06.414 [Thread-11] INFO  o.s.s.c.ThreadPoolTaskExecutor - Shutting down ExecutorService 'clientInboundChannelExecutor'
22:19:06.415 [Thread-11] INFO  com.zaxxer.hikari.HikariDataSource - HikariPool-2 - Shutdown initiated...
22:19:06.418 [Thread-11] INFO  com.zaxxer.hikari.HikariDataSource - HikariPool-2 - Shutdown completed.
22:19:06.810 [restartedMain] INFO  c.w.sff.StreetFoodFinderApplication - Starting StreetFoodFinderApplication on DESKTOP-CQVQS73 with PID 5548 (C:\Users\dntnr\Desktop\Projects\eclipse_workspace\StreetFoodFinder\target\classes started by dntnr in C:\Users\dntnr\Desktop\Projects\eclipse_workspace\StreetFoodFinder)
22:19:06.811 [restartedMain] DEBUG c.w.sff.StreetFoodFinderApplication - Running with Spring Boot v2.0.3.RELEASE, Spring v5.0.7.RELEASE
22:19:06.811 [restartedMain] INFO  c.w.sff.StreetFoodFinderApplication - No active profile set, falling back to default profiles: default
22:19:06.814 [restartedMain] INFO  o.s.b.w.s.c.AnnotationConfigServletWebServerApplicationContext - Refreshing org.springframework.boot.web.servlet.context.AnnotationConfigServletWebServerApplicationContext@65d38154: startup date [Thu Jan 31 22:19:06 KST 2019]; root of context hierarchy
22:19:07.470 [restartedMain] INFO  c.u.j.c.EnableEncryptablePropertiesBeanFactoryPostProcessor - Post-processing PropertySource instances
22:19:07.474 [restartedMain] INFO  c.u.j.EncryptablePropertySourceConverter - Converting PropertySource configurationProperties [org.springframework.boot.context.properties.source.ConfigurationPropertySourcesPropertySource] to AOP Proxy
22:19:07.474 [restartedMain] INFO  c.u.j.EncryptablePropertySourceConverter - Converting PropertySource servletConfigInitParams [org.springframework.core.env.PropertySource$StubPropertySource] to EncryptablePropertySourceWrapper
22:19:07.474 [restartedMain] INFO  c.u.j.EncryptablePropertySourceConverter - Converting PropertySource servletContextInitParams [org.springframework.core.env.PropertySource$StubPropertySource] to EncryptablePropertySourceWrapper
22:19:07.474 [restartedMain] INFO  c.u.j.EncryptablePropertySourceConverter - Converting PropertySource systemProperties [org.springframework.core.env.MapPropertySource] to EncryptableMapPropertySourceWrapper
22:19:07.474 [restartedMain] INFO  c.u.j.EncryptablePropertySourceConverter - Converting PropertySource systemEnvironment [org.springframework.boot.env.SystemEnvironmentPropertySourceEnvironmentPostProcessor$OriginAwareSystemEnvironmentPropertySource] to EncryptableMapPropertySourceWrapper
22:19:07.474 [restartedMain] INFO  c.u.j.EncryptablePropertySourceConverter - Converting PropertySource random [org.springframework.boot.env.RandomValuePropertySource] to EncryptablePropertySourceWrapper
22:19:07.474 [restartedMain] INFO  c.u.j.EncryptablePropertySourceConverter - Converting PropertySource applicationConfig: [classpath:/application.properties] [org.springframework.boot.env.OriginTrackedMapPropertySource] to EncryptableMapPropertySourceWrapper
22:19:07.474 [restartedMain] INFO  c.u.j.EncryptablePropertySourceConverter - Converting PropertySource refresh [org.springframework.core.env.MapPropertySource] to EncryptableMapPropertySourceWrapper
22:19:07.498 [restartedMain] INFO  o.s.c.s.PostProcessorRegistrationDelegate$BeanPostProcessorChecker - Bean 'org.springframework.transaction.annotation.ProxyTransactionManagementConfiguration' of type [org.springframework.transaction.annotation.ProxyTransactionManagementConfiguration$$EnhancerBySpringCGLIB$$d1fd77c5] is not eligible for getting processed by all BeanPostProcessors (for example: not eligible for auto-proxying)
22:19:07.524 [restartedMain] INFO  c.u.j.r.DefaultLazyPropertyResolver - Property Resolver custom Bean not found with name 'encryptablePropertyResolver'. Initializing Default Property Resolver
22:19:07.524 [restartedMain] INFO  c.u.j.d.DefaultLazyPropertyDetector - Property Detector custom Bean not found with name 'encryptablePropertyDetector'. Initializing Default Property Detector
22:19:07.679 [restartedMain] INFO  o.s.b.w.e.tomcat.TomcatWebServer - Tomcat initialized with port(s): 7701 (http)
22:19:07.680 [restartedMain] INFO  o.a.coyote.http11.Http11NioProtocol - Initializing ProtocolHandler ["http-nio-7701"]
22:19:07.680 [restartedMain] INFO  o.a.catalina.core.StandardService - Starting service [Tomcat]
22:19:07.680 [restartedMain] INFO  o.a.catalina.core.StandardEngine - Starting Servlet Engine: Apache Tomcat/8.5.31
22:19:07.710 [localhost-startStop-1] INFO  o.a.c.c.C.[Tomcat].[localhost].[/] - Initializing Spring embedded WebApplicationContext
22:19:07.711 [localhost-startStop-1] INFO  o.s.web.context.ContextLoader - Root WebApplicationContext: initialization completed in 897 ms
22:19:07.768 [localhost-startStop-1] INFO  o.s.b.w.s.ServletRegistrationBean - Servlet dispatcherServlet mapped to [/]
22:19:07.769 [localhost-startStop-1] INFO  o.s.b.w.s.ServletRegistrationBean - Servlet webServlet mapped to [/h2-console/*]
22:19:07.769 [localhost-startStop-1] INFO  o.s.b.w.s.FilterRegistrationBean - Mapping filter: 'characterEncodingFilter' to: [/*]
22:19:07.769 [localhost-startStop-1] INFO  o.s.b.w.s.FilterRegistrationBean - Mapping filter: 'hiddenHttpMethodFilter' to: [/*]
22:19:07.769 [localhost-startStop-1] INFO  o.s.b.w.s.FilterRegistrationBean - Mapping filter: 'httpPutFormContentFilter' to: [/*]
22:19:07.769 [localhost-startStop-1] INFO  o.s.b.w.s.FilterRegistrationBean - Mapping filter: 'requestContextFilter' to: [/*]
22:19:07.836 [restartedMain] INFO  com.zaxxer.hikari.HikariDataSource - HikariPool-3 - Starting...
22:19:07.837 [restartedMain] INFO  com.zaxxer.hikari.HikariDataSource - HikariPool-3 - Start completed.
22:19:07.837 [restartedMain] INFO  o.s.jdbc.datasource.init.ScriptUtils - Executing SQL script from URL [file:/C:/Users/dntnr/Desktop/Projects/eclipse_workspace/StreetFoodFinder/target/classes/schema.sql]
22:19:07.840 [restartedMain] INFO  o.s.jdbc.datasource.init.ScriptUtils - Executed SQL script from URL [file:/C:/Users/dntnr/Desktop/Projects/eclipse_workspace/StreetFoodFinder/target/classes/schema.sql] in 2 ms.
22:19:07.845 [restartedMain] INFO  o.s.jdbc.datasource.init.ScriptUtils - Executing SQL script from URL [file:/C:/Users/dntnr/Desktop/Projects/eclipse_workspace/StreetFoodFinder/target/classes/data.sql]
22:19:07.856 [restartedMain] INFO  o.s.jdbc.datasource.init.ScriptUtils - Executed SQL script from URL [file:/C:/Users/dntnr/Desktop/Projects/eclipse_workspace/StreetFoodFinder/target/classes/data.sql] in 11 ms.
22:19:07.904 [restartedMain] INFO  com.wowls.sff.LogAspect - before nomalize: C:\Users\dntnr\Desktop\Projects\eclipse_workspace\StreetFoodFinder\.\uploads
22:19:07.904 [restartedMain] INFO  com.wowls.sff.LogAspect - after nomalize: C:\Users\dntnr\Desktop\Projects\eclipse_workspace\StreetFoodFinder\uploads
22:19:08.085 [restartedMain] INFO  o.s.w.s.m.m.a.RequestMappingHandlerMapping - Mapped "{[/boards*],methods=[POST]}" onto public org.springframework.http.ResponseEntity<java.lang.Void> com.wowls.sff.controller.BoardController.savePost(java.util.Map<java.lang.String, java.lang.String>)
22:19:08.085 [restartedMain] INFO  o.s.w.s.m.m.a.RequestMappingHandlerMapping - Mapped "{[/favorite*/{storeId}],methods=[POST]}" onto public org.springframework.http.ResponseEntity<java.lang.Void> com.wowls.sff.controller.FavoriteController.saveFavoriteStore(java.lang.String)
22:19:08.086 [restartedMain] INFO  o.s.w.s.m.m.a.RequestMappingHandlerMapping - Mapped "{[/stores*/{storeId}],methods=[GET]}" onto public org.springframework.http.ResponseEntity<java.util.Map<java.lang.String, java.lang.Object>> com.wowls.sff.controller.FoodMapController.showStoreInfo(java.lang.String)
22:19:08.086 [restartedMain] INFO  o.s.w.s.m.m.a.RequestMappingHandlerMapping - Mapped "{[/stores*/search],methods=[GET]}" onto public org.springframework.http.ResponseEntity<java.util.List<java.util.Map<java.lang.String, java.lang.Object>>> com.wowls.sff.controller.FoodMapController.showStoreList(java.lang.String,java.lang.String,java.lang.String,java.lang.String)
22:19:08.087 [restartedMain] INFO  o.s.w.s.m.m.a.RequestMappingHandlerMapping - Mapped "{[/reviews*/writers/{writerId}/stores/{storeId}],methods=[DELETE]}" onto public org.springframework.http.ResponseEntity<java.lang.Void> com.wowls.sff.controller.ReviewController.removeReview(java.lang.String,java.lang.String)
22:19:08.087 [restartedMain] INFO  o.s.w.s.m.m.a.RequestMappingHandlerMapping - Mapped "{[/reviews*/writers/{writerId}/stores],methods=[POST]}" onto public org.springframework.http.ResponseEntity<java.lang.Void> com.wowls.sff.controller.ReviewController.saveReview(java.lang.String,java.util.Map<java.lang.String, java.lang.String>)
22:19:08.087 [restartedMain] INFO  o.s.w.s.m.m.a.RequestMappingHandlerMapping - Mapped "{[/reviews*/writers/{writerId}/stores/{storeId}],methods=[PUT]}" onto public org.springframework.http.ResponseEntity<java.lang.Void> com.wowls.sff.controller.ReviewController.modifyReview(java.lang.String,java.lang.String,java.util.Map<java.lang.String, java.lang.String>)
22:19:08.087 [restartedMain] INFO  o.s.w.s.m.m.a.RequestMappingHandlerMapping - Mapped "{[/reviews*/writers/{writerId}],methods=[GET]}" onto public org.springframework.http.ResponseEntity<java.util.List<java.util.Map<java.lang.String, java.lang.Object>>> com.wowls.sff.controller.ReviewController.showReviewListByWriter(java.lang.String)
22:19:08.087 [restartedMain] INFO  o.s.w.s.m.m.a.RequestMappingHandlerMapping - Mapped "{[/reviews*/stores/{storeId}],methods=[GET]}" onto public org.springframework.http.ResponseEntity<java.util.List<java.util.Map<java.lang.String, java.lang.Object>>> com.wowls.sff.controller.ReviewController.showReviewListByStore(java.lang.String)
22:19:08.090 [restartedMain] INFO  o.s.w.s.m.m.a.RequestMappingHandlerMapping - Mapped "{[/store-management*/owners/{ownerId}/stores*],methods=[POST]}" onto public org.springframework.http.ResponseEntity<java.util.List<java.util.Map<java.lang.String, java.lang.Object>>> com.wowls.sff.controller.StoreManagementController.saveStoreInfo(java.lang.String,java.util.Map<java.lang.String, java.lang.Object>)
22:19:08.090 [restartedMain] INFO  o.s.w.s.m.m.a.RequestMappingHandlerMapping - Mapped "{[/store-management*/owners/{ownerId}/stores/{storeId}/menus/{menuName}],methods=[DELETE]}" onto public org.springframework.http.ResponseEntity<java.lang.Void> com.wowls.sff.controller.StoreManagementController.removeMenuInfo(java.lang.String,java.lang.String,java.lang.String)
22:19:08.090 [restartedMain] INFO  o.s.w.s.m.m.a.RequestMappingHandlerMapping - Mapped "{[/store-management*/owners/{ownerId}/stores*],methods=[GET]}" onto public org.springframework.http.ResponseEntity<java.util.List<java.util.Map<java.lang.String, java.lang.Object>>> com.wowls.sff.controller.StoreManagementController.showStoreList(java.lang.String)
22:19:08.090 [restartedMain] INFO  o.s.w.s.m.m.a.RequestMappingHandlerMapping - Mapped "{[/store-management*/owners/{ownerId}/stores/{storeId}/menus*],methods=[POST]}" onto public org.springframework.http.ResponseEntity<java.util.List<java.util.Map<java.lang.String, java.lang.Object>>> com.wowls.sff.controller.StoreManagementController.saveMenuInfo(java.lang.String,java.lang.String,java.util.Map<java.lang.String, java.lang.String>)
22:19:08.091 [restartedMain] INFO  o.s.w.s.m.m.a.RequestMappingHandlerMapping - Mapped "{[/store-management*/owners/{ownerId}/stores/{storeId}],methods=[PUT]}" onto public org.springframework.http.ResponseEntity<java.lang.Void> com.wowls.sff.controller.StoreManagementController.modifyStoreInfo(java.lang.String,java.lang.String,java.util.Map<java.lang.String, java.lang.String>)
22:19:08.091 [restartedMain] INFO  o.s.w.s.m.m.a.RequestMappingHandlerMapping - Mapped "{[/store-management*/owners/{ownerId}/stores/{storeId}/menus*],methods=[GET]}" onto public org.springframework.http.ResponseEntity<java.util.List<java.util.Map<java.lang.String, java.lang.Object>>> com.wowls.sff.controller.StoreManagementController.showOwnMenuList(java.lang.String,java.lang.String)
22:19:08.091 [restartedMain] INFO  o.s.w.s.m.m.a.RequestMappingHandlerMapping - Mapped "{[/store-management*/owners/{ownerId}/stores/{storeId}/menus/{menuName}],methods=[PUT]}" onto public org.springframework.http.ResponseEntity<java.lang.Void> com.wowls.sff.controller.StoreManagementController.modifyMenuInfo(java.lang.String,java.lang.String,java.lang.String,java.util.Map<java.lang.String, java.lang.String>)
22:19:08.091 [restartedMain] INFO  o.s.w.s.m.m.a.RequestMappingHandlerMapping - Mapped "{[/store-management*/owners/{ownerId}/stores/{storeId}],methods=[DELETE]}" onto public org.springframework.http.ResponseEntity<java.lang.Void> com.wowls.sff.controller.StoreManagementController.removeOwnStoreInfo(java.lang.String,java.lang.String)
22:19:08.092 [restartedMain] INFO  o.s.w.s.m.m.a.RequestMappingHandlerMapping - Mapped "{[/users*/test],methods=[GET]}" onto public java.lang.String com.wowls.sff.controller.UserController.test()
22:19:08.092 [restartedMain] INFO  o.s.w.s.m.m.a.RequestMappingHandlerMapping - Mapped "{[/users*/{userId}],methods=[GET]}" onto public org.springframework.http.ResponseEntity<java.util.Map<java.lang.String, java.lang.String>> com.wowls.sff.controller.UserController.showUserInfo(java.lang.String)
22:19:08.092 [restartedMain] INFO  o.s.w.s.m.m.a.RequestMappingHandlerMapping - Mapped "{[/users*/activate/{userId}],methods=[PUT]}" onto public org.springframework.http.ResponseEntity<java.lang.Void> com.wowls.sff.controller.UserController.activateAccount(java.lang.String,java.util.Map<java.lang.String, java.lang.String>)
22:19:08.092 [restartedMain] INFO  o.s.w.s.m.m.a.RequestMappingHandlerMapping - Mapped "{[/users*],methods=[POST]}" onto public org.springframework.http.ResponseEntity<java.util.Map<java.lang.String, java.lang.String>> com.wowls.sff.controller.UserController.saveUserInfo(java.util.Map<java.lang.String, java.lang.String>)
22:19:08.093 [restartedMain] INFO  o.s.w.s.m.m.a.RequestMappingHandlerMapping - Mapped "{[/users*],methods=[GET]}" onto public org.springframework.http.ResponseEntity<java.util.List<java.util.Map<java.lang.String, java.lang.String>>> com.wowls.sff.controller.UserController.showUserList()
22:19:08.093 [restartedMain] INFO  o.s.w.s.m.m.a.RequestMappingHandlerMapping - Mapped "{[/users*/{userId}],methods=[PUT]}" onto public org.springframework.http.ResponseEntity<java.lang.Void> com.wowls.sff.controller.UserController.modifyUserInfo(java.lang.String,java.util.Map<java.lang.String, java.lang.String>)
22:19:08.093 [restartedMain] INFO  o.s.w.s.m.m.a.RequestMappingHandlerMapping - Mapped "{[/users*/{userId}],methods=[DELETE]}" onto public org.springframework.http.ResponseEntity<java.lang.Void> com.wowls.sff.controller.UserController.removeUser(java.lang.String)
22:19:08.094 [restartedMain] INFO  o.s.w.s.m.m.a.RequestMappingHandlerMapping - Mapped "{[/swagger-resources/configuration/security]}" onto public org.springframework.http.ResponseEntity<springfox.documentation.swagger.web.SecurityConfiguration> springfox.documentation.swagger.web.ApiResourceController.securityConfiguration()
22:19:08.094 [restartedMain] INFO  o.s.w.s.m.m.a.RequestMappingHandlerMapping - Mapped "{[/swagger-resources/configuration/ui]}" onto public org.springframework.http.ResponseEntity<springfox.documentation.swagger.web.UiConfiguration> springfox.documentation.swagger.web.ApiResourceController.uiConfiguration()
22:19:08.095 [restartedMain] INFO  o.s.w.s.m.m.a.RequestMappingHandlerMapping - Mapped "{[/swagger-resources]}" onto public org.springframework.http.ResponseEntity<java.util.List<springfox.documentation.swagger.web.SwaggerResource>> springfox.documentation.swagger.web.ApiResourceController.swaggerResources()
22:19:08.096 [restartedMain] INFO  o.s.w.s.m.m.a.RequestMappingHandlerMapping - Mapped "{[/error]}" onto public org.springframework.http.ResponseEntity<java.util.Map<java.lang.String, java.lang.Object>> org.springframework.boot.autoconfigure.web.servlet.error.BasicErrorController.error(javax.servlet.http.HttpServletRequest)
22:19:08.097 [restartedMain] INFO  o.s.w.s.m.m.a.RequestMappingHandlerMapping - Mapped "{[/error],produces=[text/html]}" onto public org.springframework.web.servlet.ModelAndView org.springframework.boot.autoconfigure.web.servlet.error.BasicErrorController.errorHtml(javax.servlet.http.HttpServletRequest,javax.servlet.http.HttpServletResponse)
22:19:08.145 [restartedMain] INFO  s.d.s.w.PropertySourcedRequestMappingHandlerMapping - Mapped URL path [/v2/api-docs] onto method [public org.springframework.http.ResponseEntity<springfox.documentation.spring.web.json.Json> springfox.documentation.swagger2.web.Swagger2Controller.getDocumentation(java.lang.String,javax.servlet.http.HttpServletRequest)]
22:19:08.185 [restartedMain] INFO  o.s.s.c.ThreadPoolTaskExecutor - Initializing ExecutorService  'clientInboundChannelExecutor'
22:19:08.192 [restartedMain] INFO  o.s.s.c.ThreadPoolTaskExecutor - Initializing ExecutorService  'clientOutboundChannelExecutor'
22:19:08.195 [restartedMain] INFO  o.s.s.c.ThreadPoolTaskScheduler - Initializing ExecutorService  'messageBrokerTaskScheduler'
22:19:08.204 [restartedMain] INFO  o.s.w.s.s.s.WebSocketHandlerMapping - Mapped URL path [/ws/**] onto handler of type [class org.springframework.web.socket.sockjs.support.SockJsHttpRequestHandler]
22:19:08.210 [restartedMain] INFO  o.s.s.c.ThreadPoolTaskExecutor - Initializing ExecutorService  'brokerChannelExecutor'
22:19:08.270 [restartedMain] INFO  o.s.w.s.h.SimpleUrlHandlerMapping - Mapped URL path [/**/favicon.ico] onto handler of type [class org.springframework.web.servlet.resource.ResourceHttpRequestHandler]
22:19:08.296 [restartedMain] INFO  o.s.w.s.m.m.a.RequestMappingHandlerAdapter - Looking for @ControllerAdvice: org.springframework.boot.web.servlet.context.AnnotationConfigServletWebServerApplicationContext@65d38154: startup date [Thu Jan 31 22:19:06 KST 2019]; root of context hierarchy
22:19:08.314 [restartedMain] INFO  o.s.w.s.h.SimpleUrlHandlerMapping - Mapped URL path [/webjars/**] onto handler of type [class org.springframework.web.servlet.resource.ResourceHttpRequestHandler]
22:19:08.314 [restartedMain] INFO  o.s.w.s.h.SimpleUrlHandlerMapping - Mapped URL path [/**] onto handler of type [class org.springframework.web.servlet.resource.ResourceHttpRequestHandler]
22:19:08.332 [restartedMain] INFO  o.s.b.a.w.s.WelcomePageHandlerMapping - Adding welcome page: class path resource [static/index.html]
22:19:08.431 [restartedMain] INFO  o.s.b.d.a.OptionalLiveReloadServer - LiveReload server is running on port 35729
22:19:08.446 [restartedMain] INFO  o.s.j.e.a.AnnotationMBeanExporter - Registering beans for JMX exposure on startup
22:19:08.447 [restartedMain] INFO  o.s.j.e.a.AnnotationMBeanExporter - Bean with name 'dataSource' has been autodetected for JMX exposure
22:19:08.451 [restartedMain] INFO  o.s.j.e.a.AnnotationMBeanExporter - Located MBean 'dataSource': registering with JMX server as MBean [com.zaxxer.hikari:name=dataSource,type=HikariDataSource]
22:19:08.452 [restartedMain] INFO  o.s.c.s.DefaultLifecycleProcessor - Starting beans in phase 2147483647
22:19:08.452 [restartedMain] INFO  s.d.s.w.p.DocumentationPluginsBootstrapper - Context refreshed
22:19:08.453 [restartedMain] INFO  s.d.s.w.p.DocumentationPluginsBootstrapper - Found 1 custom documentation plugin(s)
22:19:08.461 [restartedMain] INFO  s.d.s.w.s.ApiListingReferenceScanner - Scanning for api listing references
22:19:08.483 [restartedMain] INFO  s.d.s.w.r.o.CachingOperationNameGenerator - Generating unique operation named: showStoreListUsingGET_1
22:19:08.491 [restartedMain] INFO  o.s.m.s.b.SimpleBrokerMessageHandler - Starting...
22:19:08.491 [restartedMain] INFO  o.s.m.s.b.SimpleBrokerMessageHandler - BrokerAvailabilityEvent[available=true, SimpleBrokerMessageHandler [DefaultSubscriptionRegistry[cache[0 destination(s)], registry[0 sessions]]]]
22:19:08.492 [restartedMain] INFO  o.s.m.s.b.SimpleBrokerMessageHandler - Started.
22:19:08.496 [restartedMain] INFO  o.a.coyote.http11.Http11NioProtocol - Starting ProtocolHandler ["http-nio-7701"]
22:19:08.498 [restartedMain] INFO  o.a.tomcat.util.net.NioSelectorPool - Using a shared selector for servlet write/read
22:19:08.503 [restartedMain] INFO  o.s.b.w.e.tomcat.TomcatWebServer - Tomcat started on port(s): 7701 (http) with context path ''
22:19:08.504 [restartedMain] INFO  c.w.sff.StreetFoodFinderApplication - Started StreetFoodFinderApplication in 1.726 seconds (JVM running for 1276.596)
22:19:08.507 [restartedMain] INFO  o.s.b.d.a.ConditionEvaluationDeltaLoggingListener - Condition evaluation unchanged
